<?xml version="1.0" encoding="UTF-8"?>
<!-- Generated by org.testng.reporters.JUnitXMLReporter -->
<testsuite ignored="0" hostname="DESKTOP-BEBTCQ0" failures="6" tests="6" name="Default test" time="1.186" errors="0" timestamp="2022-05-19T09:26:48 IST">
  <testcase classname="io.cucumber.testng.AbstractTestNGCucumberTests" name="runScenario" time="0.208">
    <failure type="java.lang.NullPointerException" message="Cannot invoke &amp;quot;openCartObjectRepository.OpenCartFirstPage.getFeaturedElementOnFirstPage()&amp;quot; because &amp;quot;this.fPage&amp;quot; is null">
      <![CDATA[java.lang.NullPointerException: Cannot invoke "openCartObjectRepository.OpenCartFirstPage.getFeaturedElementOnFirstPage()" because "this.fPage" is null
at stepDefinitions.OpenCartSerchStepDefinition.user_on_the_home_page_with_login_something(OpenCartSerchStepDefinition.java:32)
at ✽.User on the Home page with login "false"(file:///C:/Users/Rahul/git/FinalProject/CucumberDemo1/src/test/java/feature/OpenCartSearch.feature:4)
]]>
    </failure>
  </testcase> <!-- runScenario -->
  <testcase classname="io.cucumber.testng.AbstractTestNGCucumberTests" name="runScenario" time="0.028">
    <failure type="java.lang.NullPointerException" message="Cannot invoke &amp;quot;openCartObjectRepository.OpenCartFirstPage.getFeaturedElementOnFirstPage()&amp;quot; because &amp;quot;this.fPage&amp;quot; is null">
      <![CDATA[java.lang.NullPointerException: Cannot invoke "openCartObjectRepository.OpenCartFirstPage.getFeaturedElementOnFirstPage()" because "this.fPage" is null
at stepDefinitions.OpenCartSerchStepDefinition.user_on_the_home_page_with_login_something(OpenCartSerchStepDefinition.java:32)
at ✽.User on the Home page with login "false"(file:///C:/Users/Rahul/git/FinalProject/CucumberDemo1/src/test/java/feature/OpenCartSearch.feature:12)
]]>
    </failure>
  </testcase> <!-- runScenario -->
  <testcase classname="io.cucumber.testng.AbstractTestNGCucumberTests" name="runScenario" time="0.024">
    <failure type="java.lang.NullPointerException" message="Cannot invoke &amp;quot;openCartObjectRepository.OpenCartFirstPage.getFeaturedElementOnFirstPage()&amp;quot; because &amp;quot;this.fPage&amp;quot; is null">
      <![CDATA[java.lang.NullPointerException: Cannot invoke "openCartObjectRepository.OpenCartFirstPage.getFeaturedElementOnFirstPage()" because "this.fPage" is null
at stepDefinitions.OpenCartSerchStepDefinition.user_on_the_home_page_with_login_something(OpenCartSerchStepDefinition.java:32)
at ✽.User on the Home page with login "false"(file:///C:/Users/Rahul/git/FinalProject/CucumberDemo1/src/test/java/feature/OpenCartSearch.feature:20)
]]>
    </failure>
  </testcase> <!-- runScenario -->
  <testcase classname="io.cucumber.testng.AbstractTestNGCucumberTests" name="runScenario" time="0.015">
    <failure type="java.lang.NullPointerException" message="Cannot invoke &amp;quot;openCartObjectRepository.OpenCartFirstPage.getFeaturedElementOnFirstPage()&amp;quot; because &amp;quot;this.fPage&amp;quot; is null">
      <![CDATA[java.lang.NullPointerException: Cannot invoke "openCartObjectRepository.OpenCartFirstPage.getFeaturedElementOnFirstPage()" because "this.fPage" is null
at stepDefinitions.OpenCartSerchStepDefinition.user_on_the_home_page_with_login_something(OpenCartSerchStepDefinition.java:32)
at ✽.User on the Home page with login "true"(file:///C:/Users/Rahul/git/FinalProject/CucumberDemo1/src/test/java/feature/OpenCartSearch.feature:28)
]]>
    </failure>
  </testcase> <!-- runScenario -->
  <testcase classname="io.cucumber.testng.AbstractTestNGCucumberTests" name="runScenario" time="0.024">
    <failure type="java.lang.NullPointerException" message="Cannot invoke &amp;quot;openCartObjectRepository.OpenCartFirstPage.getFeaturedElementOnFirstPage()&amp;quot; because &amp;quot;this.fPage&amp;quot; is null">
      <![CDATA[java.lang.NullPointerException: Cannot invoke "openCartObjectRepository.OpenCartFirstPage.getFeaturedElementOnFirstPage()" because "this.fPage" is null
at stepDefinitions.OpenCartSerchStepDefinition.user_on_the_home_page_with_login_something(OpenCartSerchStepDefinition.java:32)
at ✽.User on the Home page with login "false"(file:///C:/Users/Rahul/git/FinalProject/CucumberDemo1/src/test/java/feature/OpenCartSearch.feature:37)
]]>
    </failure>
  </testcase> <!-- runScenario -->
  <testcase classname="io.cucumber.testng.AbstractTestNGCucumberTests" name="runScenario" time="0.024">
    <failure type="java.lang.NullPointerException" message="Cannot invoke &amp;quot;openCartObjectRepository.OpenCartFirstPage.getFeaturedElementOnFirstPage()&amp;quot; because &amp;quot;this.fPage&amp;quot; is null">
      <![CDATA[java.lang.NullPointerException: Cannot invoke "openCartObjectRepository.OpenCartFirstPage.getFeaturedElementOnFirstPage()" because "this.fPage" is null
at stepDefinitions.OpenCartSerchStepDefinition.user_on_the_home_page_with_login_something(OpenCartSerchStepDefinition.java:32)
at ✽.User on the Home page with login "false"(file:///C:/Users/Rahul/git/FinalProject/CucumberDemo1/src/test/java/feature/OpenCartSearch.feature:45)
]]>
    </failure>
  </testcase> <!-- runScenario -->
</testsuite> <!-- Default test -->
