<?xml version="1.0" encoding="UTF-8"?>
<testng-results ignored="0" total="1" passed="1" failed="0" skipped="0">
  <reporter-output>
  </reporter-output>
  <suite started-at="2022-05-29T15:12:37 IST" name="Default suite" finished-at="2022-05-29T15:12:37 IST" duration-ms="94">
    <groups>
    </groups>
    <test started-at="2022-05-29T15:12:37 IST" name="Default test" finished-at="2022-05-29T15:12:37 IST" duration-ms="94">
      <class name="testPackage.NewTest">
        <test-method signature="firstTest()[pri:0, instance:testPackage.NewTest@5158b42f]" started-at="2022-05-29T15:12:37 IST" name="firstTest" finished-at="2022-05-29T15:12:37 IST" duration-ms="15" status="PASS">
          <reporter-output>
          </reporter-output>
        </test-method> <!-- firstTest -->
      </class> <!-- testPackage.NewTest -->
    </test> <!-- Default test -->
  </suite> <!-- Default suite -->
</testng-results>
